6702
6710
6698
6704
6707
6705
6700
6697
6710
6706
1270
1363
5637
1888
3031
5875
4198
5457
1070
5708
5058
2621
3365
2245
3399
6685
1107
6363
209
3866
4972
2045
5740
5700
869
2496
4799
6096
3987
3228
5466
3266
2834
2433
499
1264
1926
4674
1862
5744
2312
4841
6123
1073
1433
3521
3167
5450
3580
3761
2747
2713
919
4227
1618
4655
6246
5195
4585
880
6550
898
4968
5353
4441
3356
3001
305
5520
6194
4345
4947
3671
731
2402
511
1882
3100
5948
6094
1027
4179
4689
1408
3529
812
6065
1398
5145
4481
1343
4701
755
4743
549
619
1915
3128
1344
3454
3750
3812
4341
2394
3507
5215
5631
2293
1198
2002
4682
5557
3854
4850
1479
6673
2421
1016
1360
4544
5881
6538
601
5582
3733
9
2628
291
4107
5222
5652
5510
5023
6625
285
865
6446
497
3119
93
1572
5640
1350
5296
5302
3518
3594
4767
4087
2961
3281
2972
6613
6278
6167
6477
1731
1996
2268
2358
2150
3732
782
6023
698
5531
1847
2253
3934
3021
1314
5080
4713
1202
144
3141
5454
242
6367
3463
2675
3285
2178
6657
262
2707
2298
3121
3781
3670
366
5448
3409
891
2166
2956
1702
84
2700
1059
3768
1982
1568
598
5399
3996
4203
2271
6473
3130
5308
3679
2862
1378
6396
726
2190
3191
2460
2634
1777
5699
3037
6078
4692
2435
5666
1042
3420
5029
4356
4344
6244
342
5645
1678
718
3626
1955
3424
4541
2041
2627
1840
4744
815
580
4956
1145
5900
3298
453
4715
917
3144
5649
4789
3828
4457
6689
3275
1604
2479
5894
6424
4869
157
5527
826
1540
4147
4923
5695
72
5827
1743
936
2093
1736
3815
4881
5283
6273
3993
3690
1131
6161
6459
309
1780
282
843
4642
3259
4194
2652
3487
3115
5789
1139
3098
617
2390
5828
6577
3803
1645
6376
6627
5236
3925
6437
3764
5261
389
5210
1031
6184
5361
5073
3976
3990
2192
807
3441
1850
3089
1689
4832
2647
4785
2873
4806
1682
1322
2221
2109
610
6357
758
4640
715
4998
147
3230
6201
159
6301
2101
1475
1790
5564
4186
3060
1460
2681
337
2594
190
4253
630
4012
4793
5931
4606
5822
5172
3187
4992
1458
678
3261
5417
1563
4706
3992
1833
3183
2679
3351
5670
5426
1994
542
6008
2347
4553
753
6203
1428
744
6570
6522
3234
1239
1871
4021
2250
5977
4390
3785
251
4894
662
1299
5165
3156
6466
1706
4901
466
4289
2975
3692
2448
2761
2991
99
3368
1523
5462
5402
38
2345
584
3153
3616
2361
3924
3485
2133
6212
2151
2224
1590
1673
2410
2065
6431
166
6632
3180
3387
387
1785
4143
1520
742
3522
3916
1128
4670
1823
3677
6270
3278
4271
3072
3840
1402
6659
793
2533
2367
4737
3739
6682
2954
3559
2418
2500
2929
343
6422
1161
1375
893
2734
3958
6029
2867
5451
2582
3334
4844
5662
4872
6066
3557
4243
6252
5379
1919
5452
6233
1933
125
3147
915
1725
2758
4521
3688
5762
5014
2124
4291
460
3895
6165
5585
2653
1620
2931
3246
2914
2215
2036
6033
2452
2967
5702
5493
504
1038
4876
1658
4392
2350
3748
1602
6529
2183
2950
6571
3568
6556
6665
1661
4785
439
3144
1807
5638
1969
584
5793
3584
1068
3229
4634
5413
3721
2881
4077
612
3134
4078
5991
4595
870
4139
1170
5719
3777
858
4493
1203
5704
6030
6112
3015
4983
2790
1922
2776
80
3908
971
6603
4680
6601
3806
4589
3634
6303
5605
4664
412
3745
5822
6372
1834
2613
5109
2817
277
2181
2917
3447
981
2647
3876
5407
3534
1423
6683
475
1259
1847
4296
108
5903
112
6119
4923
968
6308
1191
5577
4752
1838
6338
4916
613
5254
2782
3402
1171
5421
6358
730
1980
1721
560
1936
307
2586
3834
6137
4037
1446
1697
1307
4827
2838
3487
3564
3176
6517
3715
4762
3818
153
1210
257
6270
2620
721
3852
4835
3706
2685
5956
2544
878
2171
5261
2247
2134
5368
603
4346
4547
1151
3683
5767
1275
1586
6469
4813
2029
3204
2841
5231
3254
3728
4402
3593
5555
569
6478
4251
1119
2209
834
6037
3857
1803
6129
591
1265
4383
3471
4053
630
6471
4791
1296
4787
492
3223
28
1651
623
5724
3358
3241
3947
3779
2469
1159
6204
230
2993
1220
2877
4191
1517
4950
3108
6604
6433
3192
2010
1958
2418
5521
6113
2965
3778
3400
4672
3146
5985
4342
5808
4007
4168
2375
741
2593
4603
2964
1251
5533
2071
3831
5024
4578
1111
1754
447
5543
1453
5539
1719
6412
4210
5166
3441
4028
4207
419
6059
5289
2803
4187
3122
4826
4171
5872
6611
5814
1538
100
2093
5322
2583
1448
5323
3585
1406
4407
5892
34
101
748
6531
2342
6331
5507
531
6175
3741
6474
6523
4698
5867
19
894
3863
1076
3038
2196
4179
4519
5353
3314
6590
10
329
664
330
2899
5798
2382
111
2395
1302
1492
595
2440
4083
2918
215
6426
6387
3817
90
1629
2824
2770
5393
2984
4502
6460
1741
3349
5084
17
2831
3251
4891
4944
540
283
4837
5143
206
4854
999
5877
1116
1548
2054
4238
6646
55
3909
4013
5458
3524
785
2308
3994
3747
3625
4699
3087
586
675
1626
6006
4039
5655
1635
6527
2100
4607
1872
1860
5087
1365
4663
653
3922
5397
1366
1193
1758
5088
2047
5193
1528
1791
1401
5913
1309
6235
2314
3765
5404
5834
3992
1850
287
5435
4604
627
1129
444
4842
353
5854
2133
2079
5635
5392
5796
3213
1547
4307
2102
122
4533
3422
3829
52
1603
3646
5949
6519
573
4644
4427
2053
6507
4775
5237
4260
1235
3364
1061
65
6581
3150
526
4883
4404
5945
691
2704
4667
3273
6157
1166
1750
352
773
1065
3185
3902
3071
2234
1845
5264
6388
4224
4660
6154
82
4130
5007
286
2662
6134
6655
835
847
4081
5135
503
4974
2927
4380
4620
5636
2842
797
5063
6592
1187
946
6526
6553
1086
1820
2655
3011
3142
5781
4653
1823
956
6314
5639
3545
3508
2273
5098
5706
4444
1748
2256
2540
3445
2
2365
130
729
3589
4551
1437
3115
3482
4426
1090
3770
3766
976
3495
2906
3983
877
4384
1244
1493
6117
934
4839
5131
2515
4027
4666
3446
4823
5300
3253
4982
320
2978
1700
4092
6325
5986
3552
1297
5544
2642
2049
4857
4052
288
1634
920
6456
4963
2185
4059
5963
5228
2295
4017
4943
1529
3531
6439
2640
3780
3449
2522
2137
4508
1165
495
4602
4866
4023
6173
2464
4848
1290
1827
5683
6435
5802
2819
4140
3931
2116
6403
2670
520
996
2577
2889
2860
6703
2907
4622
863
35
21
3887
6424
4279
6685
895
3689
3864
109
577
3135
4364
955
4452
6640
5918
1852
51
4337
5418
6318
4123
6021
6357
3062
2480
1915
2601
5713
6528
6142
5239
4282
1693
6207
139
5246
4627
4933
2286
4166
1696
698
2453
502
3873
6326
392
4399
1704
5363
5864
854
3186
4033
751
5483
1505
1411
5377
4088
3293
2299
2707
4443
3326
828
3416
6251
3969
5021
4539
420
5829
5714
5000
3506
2506
2715
3203
5868
1924
3284
2876
5216
876
4122
5306
1442
1303
1466
1737
5889
3772
5969
4348
231
1409
3058
2725
4344
2284
4834
1329
4806
4748
1998
2262
1013
5660
3964
2625
3159
4183
6542
2465
2258
5580
166
4739
2732
63
2859
984
5181
993
3362
3619
5579
3892
4623
753
1901
2297
3874
3869
6279
5708
6223
6267
692
1281
4424
4438
6316
47
6444
1724
3953
5229
4116
3587
1669
2512
582
6419
5722
5567
2938
6293
3210
3070
3968
1266
767
4770
6600
6026
4721
5090
1703
4978
2274
5689
3988
1950
953
2809
6464
1473
871
1501
3068
4501
371
4520
553
4994
4626
645
6595
6177
4466
5329
361
5836
6629
6228
3757
204
4992
5210
2531
5165
6319
3609
2800
5661
3106
1477
1961
1041
1284
4414
3966
688
4025
4786
3181
2226
2760
2002
5297
5102
770
1578
5476
5305
6092
2584
1176
312
550
1333
2271
2255
2807
1326
4815
1720
2578
6141
1665
651
2205
5201
2112
5809
16
2553
3970
1962
5812
68
5045
6559
4779
4677
176
6009
2905
4625
1544
1308
1711
1833
836
2848
1565
1421
2084
2373
3008
3519
833
2316
274
46
3340
2075
5137
6406
702
2957
4071
4138
5775
3049
3717
555
3313
3712
804
4423
5134
3649
3279
4767
799
5975
906
4997
4164
874
6150
4559
1056
6282
2374
409
2322
239
4406
2460
3281
2046
2504
1532
6128
6505
2392
5220
5059
5211
186
4509
6431
6115
2235
961
2263
155
3276
4565
1367
3674
4091
1534
646
3957
1020
1334
3390
1774
2894
2496
2241
1185
2351
1939
3948
2555
2802
598
2306
5788
3710
2526
6674
191
2276
6103
5242
2998
6538
4507
5827
4853
4514
3694
4532
1403
4934
2471
5890
2592
1103
3894
1254
4649
5509
4995
4338
2556
402
3926
6005
2668
5564
827
4155
6155
5192
1490
6304
1452
91
6400
554
2751
1899
2484
596
3178
2175
4506
1285
4956
3659
1957
2385
1610
1671
3637
2021
1619
1627
4057
2219
5819
5050
88
2439
233
1511
6525
1889
1772
5370
3732
3888
253
6613
2264
1301
1731
1427
5478
585
2061
4856
4808
2714
4592
74
259
3023
1410
2424
5376
3797
1841
3316
3985
271
1048
3385
3954
4286
875
4215
2614
3477
5197
3465
2922
1495
4445
908
3621
1521
1195
3658
1859
224
1117
3053
4049
6593
6056
5735
2818
5842
3851
2419
4136
5245
4749
1348
5156
3713
2786
1935
4505
1755
6189
3269
599
1727
2357
4313
458
5657
3173
2363
48
3393
3212
3225
6072
3523
3091
3469
3940
1984
1533
2491
567
3321
3481
1968
5442
6287
2056
1126
2574
3319
1891
5387
115
3930
5032
6394
4
765
2388
2227
4320
6480
5365
3808
4513
1973
5562
3942
202
4374
5810
4731
3771
1164
4951
5085
5536
2283
5176
359
759
1106
4038
3603
2679
2449
1559
5680
5557
2094
4790
3822
3563
3103
1429
6649
1584
5614
6392
5222
2778
6168
6396
4421
418
2203
4223
1311
6231
1826
611
1633
3900
5372
845
471
2498
1660
3324
5733
2527
5906
1380
6147
188
5692
3759
1749
6524
5110
727
5907
4753
2343
5285
891
4973
1734
5310
2888
3348
1615
1354
1797
2033
4905
3149
4732
4062
4332
5572
3746
4360
1190
4500
3345
6278
3704
300
4879
5160
925
6583
4481
4746
1776
6158
2413
1257
1566
1441
2087
6500
5058
1798
5008
960
2681
2845
5338
3882
5148
1761
195
4153
4103
1636
4098
350
1885
1795
3451
324
2027
4212
6695
2534
1141
2406
3937
5133
6025
1456
3342
3727
2300
5351
189
1360
4046
53
6071
2963
5383
4818
4269
2559
995
818
6058
5141
3682
3640
1019
625
3753
4293
5621
632
1454
222
4249
6558
944
269
5525
4218
3406
4860
6166
4954
36
5693
795
3430
3701
4372
5299
3414
3571
6088
4769
2703
2330
661
519
1945
4703
1714
250
6566
4503
2405
1967
780
6671
552
4230
6390
1877
783
2745
3268
635
2545
6296
6407
4239
5630
594
2612
1829
1809
6499
4485
3411
1183
3137
3742
532
6497
1896
3346
1608
2472
3769
4522
2371
1790
315
4487
950
2952
184
4526
3532
2711
6132
5224
4781
4309
3767
6408
6206
3664
3578
348
424
3472
6466
6399
3113
2246
1413
3641
2565
4335
4959
5840
5994
689
6434
5199
1323
5313
3540
5764
5964
1506
5204
3971
5937
113
3843
2872
6116
2328
1093
3842
973
3236
6536
738
656
4148
5382
5598
3955
6352
5145
4630
524
3599
3605
5732
5151
228
5506
2221
5359
5419
3425
803
4816
6596
5763
1260
1574
5642
1483
3214
980
4151
2461
3639
4099
5879
4690
1865
4278
2159
6139
2863
2200
1339
5004
6363
2414
6693
4563
5658
2232
3526
1844
6138
3231
6051
6628
3577
832
6504
3497
5259
464
840
5908
4936
6383
3194
3152
6463
5036
4066
4488
3815
3693
4494
2635
1202
6004
1115
6114
1568
5570
5080
4747
5467
4248
4055
737
1268
3547
4124
282
4618
1994
5078
2004
4400
1728
3754
5152
4264
6135
1124
210
723
403
3424
5666
3647
2296
1408
2458
3946
4417
3762
3428
483
735
5806
453
5105
1426
3322
1002
1071
1500
6573
6188
3461
2106
5774
3804
5107
131
5748
1689
5919
3009
1943
6008
6453
2162
1046
587
6354
2810
192
2669
4802
5394
1252
2944
6696
1234
6687
5121
211
543
1965
3591
1747
2535
2566
5736
5501
1316
4227
4204
866
4970
3171
778
6562
6262
5817
1471
5026
4554
5238
6098
3775
2757
1288
637
3949
5851
2206
1092
1587
5742
162
2579
1910
6662
5295
972
4295
5528
932
1909
2176
2796
4357
2997
2110
3325
3162
6181
4206
154
367
6598
3148
4014
4511
1971
1481
3687
5547
4896
1682
2269
3933
360
4907
696
1623
851
4793
406
3541
1733
6551
1286
1194
5258
175
6582
5396
2404
3010
6686
1278
3417
4906
6672
4882
3789
1004
5439
4582
6274
5502
5541
2508
5444
1120
1951
4145
1212
4079
5697
2879
4737
6555
1624
2383
4192
2104
6183
720
4843
5973
6642
2487
4467
3109
5068
5954
194
3907
5512
246
481
2598
6255
6675
5595
966
497
5251
1236
3033
4610
4433
6607
4985
3853
607
3681
3359
1200
1717
6653
467
6459
4527
1908
5615
668
1541
6197
1751
3274
853
5208
1384
5838
1546
639
1368
1082
1136
965
530
2808
1543
2500
5996
1148
4161
6342
4076
5804
2520
4725
3266
4913
4586
6063
4695
3206
3198
4393
4469
6258
3824
1064
6623
4167
4887
5968
2332
941
5979
1109
4670
650
326
6211
489
947
2835
4029
3665
2156
5863
2489
1229
1108
6561
1902
1904
1271
393
2822
2339
1628
2518
634
5593
1691
41
3868
3608
1172
4940
4568
5172
5773
4651
1666
1618
5395
314
4483
1953
5517
2301
732
3684
2450
3478
6193
5248
2180
5436
5293
5760
4812
5553
1387
3722
1261
6057
4926
2078
2005
2025
3018
2362
4303
4593
4888
1512
1280
226
6404
527
5457
3227
433
2636
3041
2723
3509
5699
4363
6038
1638
3960
1174
4881
2962
2118
570
761
337
5262
2119
6477
2602
4131
6011
1647
3088
1449
4410
3226
2448
3022
249
913
2898
5718
905
690
1805
4228
3979
4656
6620
6145
4292
771
4799
2632
1128
2830
6516
3581
3820
3835
6614
6078
5031
2616
2291
5499
4211
5715
67
4350
1560
6286
5177
6512
1222
6203
4454
2391
3025
160
305
3357
173
2179
760
3919
1226
3613
4108
3929
1786
3457
2066
2236
2148
6543
3239
1709
6336
4455
2240
4325
219
2173
983
4794
5250
5326
40
6567
4437
6688
4087
2649
2765
2986
6182
5227
4064
5184
4070
3021
325
772
1837
6530
1088
1898
2813
4937
5753
3620
3505
4765
3651
5526
2748
4847
537
3426
4862
1331
5049
1685
3044
517
388
2588
3535
5792
3891
2456
1392
5173
4780
135
4459
2779
4740
2630
5811
5374
4391
5912
138
3132
1946
396
3235
6381
3576
3498
3310
3794
2683
808
3224
556
1232
2090
2516
6047
4287
5600
5942
5974
4390
5408
6297
6364
1062
5284
85
1903
4976
3412
3001
339
5486
6384
2359
1918
2538
2281
3373
4462
4429
2523
2607
2014
1072
2756
1796
4040
5390
3788
4478
6334
5463
1964
3984
921
758
4144
575
2904
4632
695
6554
5403
5876
4528
3095
6421
930
1350
6490
6569
1736
1432
3133
1667
3120
2883
6701
3012
4807
1113
6028
1583
6382
73
1607
2589
4080
2117
1074
3622
4328
2315
2197
2940
1021
5319
6060
6386
2473
123
4830
4446
2225
5203
2411
5277
1864
4015
2862
4628
6545
299
3590
2367
2939
4317
61
3177
1207
4718
813
1753
1230
6568
3877
3879
2793
3978
4012
3397
3205
5328
3309
4420
3760
5072
2871
1927
236
4154
6102
4169
3632
6676
2292
4378
158
3157
3648
5914
814
3749
4061
2945
3111
3875
2476
561
3496
1766
5923
435
5320
1631
3139
102
172
5740
5721
3112
3938
701
5984
4331
4811
4537
6289
2567
364
161
4870
2208
5081
4397
6315
3723
2150
1986
3249
368
2154
4065
95
6511
1802
679
4909
22
3126
242
2152
5106
76
2622
3838
5163
5844
2720
103
1237
3093
3261
3944
6417
2731
5357
1769
3924
1564
3490
5480
2013
6648
1557
2252
140
3076
3232
5726
2364
5308
2737
1096
1340
1757
3303
1756
2333
3839
429
2509
1057
4149
4261
3776
1514
309
1435
2268
6012
3796
3262
3867
5723
2947
248
6044
5685
1047
78
5589
3382
1417
663
4701
4173
2615
272
704
722
494
3543
2009
4691
1022
6348
2347
5047
1209
3421
3610
221
812
712
5554
992
6001
882
3056
3554
1283
5992
3624
6261
6105
4045
4687
850
2114
3897
106
1208
3222
557
3943
6597
6118
4584
1075
4977
4158
3631
1694
511
2901
6003
5434
12
1739
2216
4761
926
4902
1856
1341
715
2201
4290
2060
4085
2477
4772
762
1305
1740
5324
5003
5406
1063
4892
2609
945
391
2427
2443
2657
6131
6405
4114
4771
5056
2587
4908
5921
1912
667
5460
4333
4004
4453
1370
857
5065
6443
1576
3002
2008
2023
6322
5194
413
163
2969
5077
6062
608
3666
5675
6346
5970
2673
1779
1352
4679
5157
2481
5138
4150
2933
2167
225
5891
1011
1436
1706
5883
6023
6176
2017
5427
3474
4735
837
686
6418
779
5497
3488
1347
4479
3209
1518
5936
4464
2486
6635
3415
505
370
823
3333
900
5266
1121
1364
4312
3703
3332
2570
4245
4573
2403
3304
766
356
2207
4727
1248
3169
1465
3343
4134
2826
3208
5532
4935
793
3278
6075
1346
5888
1415
5103
1502
385
5535
1434
798
5574
3104
6068
234
4032
1080
2040
3024
1162
3431
3003
1554
5522
5682
3730
4499
4003
1396
2003
3997
1273
3800
5185
2529
5432
3250
6374
260
5034
4517
2121
6586
2900
5067
4635
3288
5043
1573
5391
3211
3197
1979
4431
1178
6090
5758
6514
4268
2191
4616
5652
4996
1708
4048
4082
70
2775
5816
1857
3201
1224
6503
6244
1825
2979
285
6448
2387
2677
1616
665
5967
1089
4324
5673
2895
5695
2243
6594
4089
262
408
1996
443
810
970
5859
6159
6370
3823
929
5757
4177
6024
4072
6260
1884
5491
1095
3773
5972
6111
5727
6492
5035
4745
3847
2762
2970
1016
4492
5471
2217
2082
1444
232
5381
295
2423
1306
4165
3592
3098
3961
5312
3493
349
2193
1879
4510
2597
3574
4894
411
1499
2349
1771
5233
3308
2370
5337
5575
2968
3079
5188
5717
1007
3911
2174
6360
2038
5373
1184
1018
4386
4030
4387
2568
5136
4354
2144
5438
549
4405
3633
3443
1028
81
3163
5048
3307
2172
2242
6630
1335
2336
1169
2446
5747
5965
3170
3339
1050
3720
2089
3217
1182
3136
1255
1926
4717
311
6409
5676
3066
844
867
6461
3886
2942
1613
4716
3456
3450
739
3917
3156
4174
2575
2475
907
1977
2377
5833
2833
1216
676
3714
5926
2204
4051
117
4820
3604
2044
6535
4858
3583
2528
1381
273
4101
536
5664
1110
1213
3403
5205
967
167
746
3354
2605
72
4294
2279
2564
5909
6481
5687
425
1854
466
2994
1819
931
1599
974
4914
2696
6513
3504
1764
3154
1484
5481
5659
5482
1468
199
4340
5980
4022
928
5559
5170
3575
4388
3830
4001
2136
2828
3515
4347
5943
5960
5987
2416
2580
42
902
4777
6622
1289
3636
4209
6332
2805
4021
2070
4550
4105
5548
3941
801
4258
618
2290
5922
3711
3525
4152
3774
6265
2081
3635
614
480
5869
6140
1989
2073
1881
6588
2503
3662
4373
3069
3989
4836
4608
4999
1698
660
6335
5041
903
4783
1793
2693
5255
5961
1192
2771
535
5629
1450
3395
399
1674
879
6574
5690
3617
3458
4942
1078
4733
5118
5832
2539
5514
2864
2435
755
5115
700
571
6428
4889
1443
6520
3392
6667
3047
240
2309
6485
4422
3259
373
1383
4720
1585
4297
1287
5040
450
4969
2338
4754
1032
4707
5020
6483
4284
1862
3061
127
1983
4588
3848
2591
1470
4244
1345
2787
1831
5858
6501
1763
4361
470
2856
1679
1005
4369
6084
5311
5839
3019
2825
5929
6067
6429
6668
1782
2501
1035
5459
1388
1821
1143
6020
978
390
3389
4496
2245
1653
2638
5920
6515
3707
4993
5325
509
448
4734
3996
3381
1469
937
3317
5294
2429
1027
3675
6585
1137
3452
1238
5896
5468
318
4760
6565
5778
342
3561
3040
3370
2695
4516
58
4416
6678
3685
1938
938
3234
182
872
3467
5348
5558
924
5440
5183
5761
6174
4471
79
724
3029
1053
4952
3067
401
5608
4365
4113
2658
2130
4975
2126
4662
220
366
5473
5770
1167
3283
5485
4385
881
1199
5139
5928
4613
3921
2929
4075
846
6010
2031
1981
3005
2820
3602
2724
5606
2380
4864
5213
3299
5422
6126
476
1869
3618
394
5484
2483
1395
322
289
820
787
5279
3566
3480
1580
3655
3677
6164
5650
1893
2530
3195
4810
5542
5709
4058
2960
136
2890
1744
5119
49
1670
2497
3075
1792
2739
5856
5169
268
2886
5424
2318
4132
2546
5768
4968
3672
3629
5288
4645
4412
5785
3520
1262
4495
5749
3353
805
4984
2884
631
5190
4448
5142
6462
2926
1683
201
377
398
1424
6236
3527
1315
2019
1997
1295
4120
6276
5807
1322
2755
5013
2989
4128
3312
2445
1
4629
6343
3331
3638
1723
3530
1276
3548
1816
4371
1655
4659
5345
2958
3305
1632
3511
4899
5018
2502
2058
1463
3052
4587
2348
2233
5122
2222
5755
5389
1930
3292
2893
3286
1948
404
1054
1358
5315
441
2875
2554
2390
4546
644
2525
1173
5089
5905
4640
1781
3652
5005
2717
5602
4435
2812
5611
1189
414
4129
616
97
3901
6663
3529
2608
2067
1526
4214
170
3708
1215
3565
2600
4552
2815
1342
3860
784
1637
2836
2345
6658
6644
1125
2557
923
2992
2055
626
5955
670
4686
3914
4599
2780
96
6162
1067
3127
5155
4456
6079
1031
384
1084
105
997
3168
1264
680
417
3502
4949
4106
5044
5950
2651
4930
4197
2042
6327
889
5518
5588
3724
4884
2687
3405
4463
298
6664
5578
4188
2792
534
4741
1475
2140
521
2804
446
3267
6035
2340
3500
1012
3945
5672
491
6329
5941
6040
852
6341
3952
5180
5656
2766
1422
6498
5340
6333
3967
3962
5006
3936
6552
3782
3429
508
5696
6200
3735
3300
3242
3301
148
2606
1327
77
2068
1911
1482
5725
5875
3606
4817
5367
6669
6133
2230
3404
2415
2726
2619
6230
2307
3255
4237
1848
4617
4867
1991
4068
4398
1304
198
93
137
1590
69
1438
563
3327
2980
1690
6377
124
3083
1974
178
6093
1855
3434
5803
6249
4523
802
4572
6532
5472
468
2795
5731
1391
822
3238
2823
710
1662
2936
2959
4010
5997
5371
4804
4043
1770
6637
6616
5710
1328
1643
2925
1959
3165
4115
4534
4567
1817
5469
4362
2924
5159
2663
6125
5538
2098
1279
5410
3335
5552
4708
1376
4809
1282
3784
6
2869
775
604
5426
1419
4257
5207
2260
4436
4100
1049
5196
6578
3388
3884
382
4583
3199
1890
3063
5450
884
964
5349
1356
4591
3972
6350
987
335
4562
6548
5386
2880
1373
5783
5120
5132
590
5129
5569
566
6002
4118
5932
6019
3270
716
6196
2505
687
1149
2885
5601
157
3102
1895
207
1131
5860
4319
2935
4838
2039
2259
954
5257
60
736
4067
3698
2494
5388
1920
5016
2115
2850
2634
4609
6680
3291
6045
3686
708
2910
4796
223
2076
750
1059
4819
1712
734
538
1324
1600
6634
6229
1883
4581
1496
6540
4917
6491
819
2304
4927
5232
5584
4598
6619
5847
110
4633
1337
6455
4162
4980
2028
1134
4757
2988
482
1353
5027
5234
2248
6710
6272
5677
3825
4557
1892
5038
600
2749
633
4311
4102
5030
5653
5336
486
4094
3123
3138
1180
4615
6053
5843
5852
3650
2839
5092
901
3783
3729
3595
578
4723
1114
3371
237
4473
1478
5779
3850
5096
2229
5101
2355
2768
4863
6494
6427
5505
1858
3207
6534
490
3140
1808
5901
4006
2287
3294
1085
187
6446
3081
669
174
1645
2870
671
5219
4472
933
3657
2302
461
6080
2018
3464
1269
3755
4024
6638
3432
5343
5957
5191
5623
4549
1010
4275
5790
4652
493
4824
1101
909
5934
5560
6627
5492
6510
713
2468
4195
1536
6110
1765
5824
3501
703
4548
3174
6109
2182
5179
4298
6208
334
4368
5218
3179
252
1579
1692
2990
5384
774
788
84
5417
3435
4170
5182
948
2095
1775
2462
3221
2664
2981
4461
4026
3661
5189
910
3512
3189
264
2941
5309
6310
3245
2563
2740
1799
3841
3601
726
5226
4090
4624
4825
5989
3084
6579
5830
5594
5873
2689
3096
4743
1800
5787
434
4928
3833
2666
168
3263
183
1445
3158
3475
2337
3427
3668
4180
2524
1641
4203
5641
5794
1742
6368
1098
218
4104
1233
3705
6238
381
3810
5971
1440
2943
171
873
602
1052
1680
6122
351
1369
951
1605
6198
5130
565
1569
2425
4009
2511
5617
1267
621
2007
1917
5075
1540
4822
5845
740
6575
445
1133
4947
6039
3663
5619
1399
4904
4359
1851
5488
694
1197
2024
2976
4381
3918
6317
1752
6179
998
3007
1549
4470
428
4776
5287
1196
5062
4714
5292
684
2572
707
2816
4184
3099
1009
4222
3572
3896
5591
4541
539
5240
4911
6043
3193
4722
5029
2282
2372
179
4961
5887
5669
5977
2854
3378
4829
4929
5691
6402
6560
6641
3
152
3257
1988
5604
297
6190
5738
212
2915
5647
3167
4175
3119
5818
1491
6263
2536
2916
216
4580
1976
4306
6489
593
1336
5019
6324
6186
719
6414
5097
5276
1320
2747
3078
1118
922
6416
2764
4112
4121
6373
6679
1949
4490
1783
5800
119
293
2716
6191
3004
1561
3982
5104
5147
3560
5415
3744
3483
5620
1768
1836
1640
1412
5952
3980
2310
5777
3006
6032
5099
1894
4196
3856
6617
2186
344
2571
4232
354
5241
6580
2982
134
4972
4676
5948
4939
4016
693
6563
5607
1223
3360
3410
1842
2000
6359
1494
3801
278
568
4428
5082
1378
5537
1023
6055
4758
1639
1277
4631
1146
4069
1835
542
1886
4574
317
3117
5902
1077
2558
1461
706
4768
1760
6393
5283
3623
6280
6074
5667
4579
1153
247
3272
518
5011
1385
6633
276
2550
886
6670
2882
1940
1555
4486
6000
6661
4828
2034
6621
4419
1332
1916
4529
5175
5933
4957
5123
6618
4965
415
3803
2153
1581
4570
4962
107
1592
6027
2791
1014
323
3596
6266
1211
2983
4524
2637
666
5597
2065
1228
1960
6156
3627
1630
1070
229
3028
657
4133
6468
4697
5341
4379
885
3645
800
1175
5430
5331
5855
3494
3642
4193
6572
142
2507
197
5754
606
1558
647
62
1788
861
2091
338
2378
2827
3927
5825
6087
2887
2341
2692
2213
6143
643
3048
1003
1510
1545
1000
1039
5263
1900
5616
5523
2250
6398
4684
4489
3673
4119
5884
2519
5071
4658
3160
3125
3398
6337
4945
2059
5654
4566
214
1037
1550
5274
2902
1784
2401
2466
4019
4323
5995
831
4682
4273
2660
3418
426
5990
1828
1362
1458
321
5162
1921
1181
2074
3555
2684
1873
6339
1815
4596
3558
6256
4475
4208
4084
6486
235
4694
2083
3751
2909
5286
4814
4898
3667
6440
5061
1325
3998
313
2832
6124
1390
6605
6144
3420
652
456
5861
5420
4316
1818
5095
6349
1338
2455
6694
4401
64
1486
332
459
1152
3644
4117
896
6108
3598
4530
6082
4147
1516
5513
4845
6602
5298
3164
200
4047
507
20
1217
5200
4821
1990
1707
1104
2324
4110
5599
4439
463
4318
6257
2785
2202
6013
3736
5290
3719
5256
1503
6120
4246
4903
4981
3161
4919
2697
6169
2930
1955
4619
4665
423
3718
263
5174
3200
132
2955
3935
438
484
605
3073
1519
397
5339
1570
2088
2160
1713
3366
3756
3533
3409
5998
1498
4638
6187
5414
5628
291
31
3697
5247
256
2682
5823
487
1952
5369
859
4190
3311
2288
5720
672
3898
5114
5603
1738
3439
2912
6584
711
2052
6539
2911
958
6148
4281
499
3889
2410
4597
649
217
2855
2675
4458
2874
4535
6413
640
1455
1767
5385
5361
817
5126
5318
120
2277
5681
1405
3740
2394
6214
2623
6654
3826
4979
5334
405
5766
6470
6636
3337
2107
5633
2239
5870
2590
3586
333
1045
5015
4229
6209
5900
864
4773
2754
5752
2712
1867
5186
5477
2733
5917
2585
6218
2467
4855
4185
3437
2569
1552
975
6502
5454
2493
2105
5496
6389
3046
5269
2199
5108
1659
5966
4484
4611
1648
5886
5674
1186
977
1291
5001
2932
1718
3716
3787
4877
306
4710
5025
5759
1299
6472
244
3726
5093
4367
141
4375
824
4577
5230
764
6397
5198
887
5545
4590
821
6606
1142
24
4600
1509
2161
1595
3588
5765
624
6313
5568
2188
3981
914
4330
56
3956
6506
1036
6048
11
5187
3916
5592
4200
2437
5009
1467
6347
4709
1112
2513
4538
2844
4217
2320
87
4254
5161
5433
5116
2086
5898
3871
2305
5894
6340
1978
2294
1931
5915
5455
2352
5437
5705
6298
2866
3725
1504
5411
6657
5938
3330
638
5086
6215
6146
1097
6447
5716
258
6284
3567
185
2547
3513
5649
5586
4594
3016
1677
1594
5610
5927
3243
1650
1762
457
3413
1371
4274
1225
1355
2735
610
1987
379
1066
5002
3336
2953
4181
5645
506
5441
1400
3865
3124
1664
3752
959
4285
2543
104
4000
2972
6577
3433
5871
6291
4259
196
5504
4265
4726
576
5225
5571
776
5815
6345
4498
6225
4008
6253
2617
4366
6195
2474
9
2400
3906
30
3700
3859
2987
3904
149
6254
485
3600
2131
744
1606
939
4953
3436
2451
1923
5962
6014
6240
3244
2946
862
3890
3819
4044
1609
1231
2441
2398
1601
3252
6441
4901
2485
2966
2937
3377
5429
255
501
546
4756
0
5982
5951
2999
2799
559
5347
3656
4277
3870
994
3383
5911
756
1646
1596
1913
3737
4434
1773
3172
985
830
3183
1389
5797
1812
6508
5865
3905
4449
1535
1625
4031
3470
2331
3928
5999
1676
6411
5265
6366
816
685
3110
5743
3562
3013
4321
4728
4073
3344
1575
6449
5612
982
620
5500
238
4315
301
347
4415
4685
2488
3758
5317
5074
4465
1537
3247
355
6587
213
777
3455
4925
3060
6309
2846
4764
2654
2644
1040
2035
6643
169
1695
3218
1253
2561
1485
5364
6482
1150
6127
2026
4408
5253
3220
1099
1726
416
2708
6522
1351
1810
3043
4647
3514
3054
1472
2057
2323
6064
1732
681
2774
4002
6248
2257
1123
3702
5751
5271
3630
709
6328
3999
5737
5576
4525
5474
3786
5626
2659
4571
1420
265
1668
150
6106
5494
5046
728
3510
4409
3282
2135
2781
5223
3188
2948
1840
5461
3391
5895
4289
2050
4759
2650
2897
5780
346
3338
1778
5249
4213
2428
3026
3660
1745
6380
4797
2223
5083
2641
2426
1985
979
699
430
6192
280
1853
2629
789
243
266
5423
4142
1934
1122
547
6100
4394
3893
5849
275
4176
302
4561
6666
4263
838
477
2985
6306
1572
2231
3792
2797
473
4299
4724
2686
4755
1205
6608
5530
673
5314
1158
2321
2177
2728
3116
4515
2908
6288
588
5244
5399
3065
4255
6250
943
1087
3597
29
1522
3813
1451
1722
5475
4126
5017
4256
4314
5519
6283
1043
500
478
2891
806
5983
319
1272
2517
4054
3903
3057
654
1684
2759
1246
6351
1811
5678
2158
3315
479
5846
5070
6101
1139
899
4852
129
6227
2573
5252
3963
6557
4233
118
1530
1094
1871
5446
2138
3691
3795
655
3546
5344
4276
5445
2639
6651
2852
1243
648
1314
1975
5400
1034
1878
5643
5111
990
4219
2849
2194
2011
4636
6550
1582
2280
4987
2127
763
3479
6450
374
6564
2821
839
2327
164
4921
1312
3580
4430
1880
6432
27
1464
3503
4231
2335
2210
6547
1906
2145
5330
4262
1941
3105
829
5587
2672
3812
6541
6275
4266
2218
6149
2097
2853
5380
2384
826
1447
5795
4678
5503
2702
6487
3460
1966
6451
6271
3976
5490
4782
6099
6420
2599
1551
6163
6089
5064
5729
1970
3372
794
1006
89
768
5728
1154
4329
2783
6457
6178
911
303
6660
4442
5358
6036
2618
5596
3950
4159
6153
3821
1430
3375
3836
3323
5202
3538
328
5703
2096
3974
5550
3175
3880
54
18
2313
4460
1656
5511
6475
5590
421
5730
151
372
2624
6290
2444
380
4751
6415
4941
5750
544
3297
2626
6216
1318
2396
1135
5857
340
6647
1687
86
4395
3553
2721
2408
3380
3517
2665
331
5327
254
1702
2479
2143
6091
4093
3734
1439
3473
3077
6241
5053
2037
4201
513
1386
2840
1525
5910
133
5268
2858
2266
2829
1806
1507
5428
1051
400
4661
2736
5516
3190
6312
2865
3670
6509
267
5033
6599
3965
2030
1105
6016
6677
6096
2913
2648
4702
25
2165
733
4247
2063
6385
1025
469
1787
3696
2360
642
683
1675
949
5862
6242
2811
516
209
5776
717
5671
991
2111
4688
5206
1972
3845
5487
5023
4221
296
1060
5897
1553
659
4668
3899
6031
2576
1227
2369
45
2164
1247
4035
628
3256
3042
5813
2656
66
1292
4250
1379
5618
5158
2157
383
963
5931
2099
919
4322
6307
5178
4712
5495
4637
1161
363
1155
6401
3492
3045
3973
5355
2603
4050
2722
2163
1476
4886
5848
572
2123
4242
3055
227
4504
1897
2108
6171
1963
6292
4236
2326
986
26
4865
5679
6438
6220
4156
4924
4655
2814
3858
4729
44
369
3790
3872
5524
1418
177
6104
5281
357
6518
3017
3679
4890
6054
1801
4545
6365
3699
1357
1622
6073
3394
3356
1218
4491
6041
6034
4542
3885
4432
4966
2125
3459
2072
3320
2356
4376
1219
4556
2397
5302
6160
2996
57
4846
5904
2688
3959
3489
4614
5212
1843
5853
3341
1404
6369
3034
988
3878
2433
1699
5634
205
6625
4646
1710
4063
5756
4693
3862
3832
6221
5565
4241
4738
1597
6042
615
2643
523
2701
1944
2069
1382
5375
5583
3032
6226
1508
6479
376
2851
407
4225
3537
4137
6632
5146
1999
1008
2184
4531
4915
5243
6081
3306
2560
5850
2278
1593
1294
2169
883
5443
5546
4990
1044
6076
474
6376
4334
1937
5878
581
387
2788
5076
2303
146
3881
4109
1527
4074
5316
888
2951
4477
3763
1431
2610
4482
5866
75
43
533
1250
4370
1577
2837
6425
5356
4352
1759
5217
791
1591
1079
1361
2407
2596
574
5091
4135
6130
316
6295
4650
5128
3064
2690
1715
4938
6199
5958
3107
5489
4875
395
3347
3027
4673
3290
4403
841
1256
3031
1393
437
4060
512
1425
5332
3837
4056
3240
4874
927
6097
3913
6321
454
1621
1794
4199
3951
3448
4932
3131
2454
449
2189
522
636
6344
2868
5037
6069
4476
2857
6180
916
2482
5573
5401
116
6172
2254
3573
33
1081
6330
6050
1531
1614
6353
4205
4897
4964
4041
674
5464
2237
5280
5841
682
5799
4301
6136
5734
6379
3264
2353
6107
5668
3454
6245
1814
5622
3444
5412
5333
4111
4308
4310
59
6533
5153
5354
3805
1102
2422
422
4005
2794
4272
1206
4396
2022
1168
5278
94
5551
378
5769
2275
5684
3615
1612
6544
962
6690
3468
3739
3376
2238
4696
6151
6589
5168
2784
4641
2977
1542
4305
4418
3361
6371
1029
1929
5470
4833
3328
4920
589
1245
4868
5303
5321
1876
2798
5981
892
5837
1716
4339
1657
472
3438
2767
641
1157
2399
2750
1868
3910
860
4042
4036
1163
514
4558
4336
3536
1145
3466
2698
2581
6018
936
4450
809
3101
2542
4778
3556
2289
4351
2214
2146
4127
4377
1398
4353
2691
5267
5215
39
1179
4873
2700
4172
2147
2421
4141
5632
2211
5627
4801
6496
2051
5782
1513
3318
5711
6259
1497
3129
1249
848
4601
1258
6495
6650
375
5613
2753
4774
5831
1515
5939
2843
6452
745
4451
6436
6152
705
5820
1240
3086
6294
5125
898
6205
2763
6264
7
3807
4832
6017
3287
2661
2412
564
144
5772
4878
2354
345
2329
6699
5791
23
3912
849
5431
4468
6454
2317
558
1642
4918
3196
3295
3296
2533
1177
5127
5275
5534
580
5916
855
1416
2085
245
1242
6210
3846
2949
3570
2187
2386
6234
1372
3849
786
1947
2551
3329
4411
6320
2806
5055
4958
4096
5124
1874
6591
4512
5447
3363
1992
180
3743
4711
2170
5882
5498
3302
279
4280
2381
781
2801
3793
3607
528
5272
3035
3151
4989
5712
4912
6391
2730
2903
5094
4034
3844
4621
4683
5113
2492
4441
1875
5362
1663
3271
4234
749
6219
38
4253
5701
4497
6247
2777
5786
4240
4612
3367
2285
2077
3516
1319
5582
2129
6217
2896
3539
1804
545
3932
5953
5771
3407
2709
2043
4960
5988
869
1524
14
1033
5625
3799
99
6224
4349
3680
3643
6692
6185
2742
6355
442
13
5117
5010
3612
4575
2430
3476
2743
747
1221
2995
4097
3094
455
3542
1813
50
2769
1274
3499
1611
2694
2012
5746
1188
2773
3463
622
6015
4931
3653
6046
3080
5566
3442
5609
1673
562
4358
2438
5978
4327
678
2919
3549
592
431
4795
2062
5
5805
6652
1414
462
5100
4606
1489
5140
2562
4283
5959
4643
4871
1293
1866
2789
1147
6086
4160
4730
2878
3386
3082
2470
5549
1932
6061
2128
1017
4675
4018
3544
6222
1488
3654
2463
3816
1374
1563
5465
2729
3809
2272
6610
3037
2442
5366
3582
3614
1746
3384
2265
3184
4849
3401
2020
2521
3827
6378
5561
6299
5663
6085
5052
2198
128
2251
4800
3039
1729
1905
2376
3216
6302
2080
2847
5335
2719
5935
1310
1140
6237
1460
2431
2212
4569
2921
4788
658
2113
5051
3237
6546
3014
4271
1330
4671
114
5270
2973
2552
4518
5149
2325
3628
5686
5039
2120
2032
5350
2228
3861
1394
6639
4220
6232
2168
3248
3491
4095
2541
525
2611
6305
2604
1654
5529
310
2548
1830
4536
6213
2510
4544
2645
5291
3050
1942
4657
6484
3920
5069
1652
1024
4216
1649
790
4182
952
1588
4895
6049
5940
1462
1241
2514
3977
1887
2537
842
3289
551
940
1156
5012
796
5508
5066
2738
5378
6691
2705
2595
5236
6285
292
6281
2048
32
3798
5924
1204
4840
5946
942
410
1928
6609
4326
4302
2312
2319
3396
3074
1083
2920
1001
5624
3791
5835
3379
4706
3939
2710
3550
4988
3202
4555
2122
5540
6121
4564
5688
2379
2934
4189
2457
5112
3484
3090
5304
4704
5925
440
1487
15
6083
5346
4356
4235
6323
358
5054
2744
2368
3369
5405
3051
5060
3611
2671
6311
3351
4163
904
4986
432
181
6493
4560
515
969
957
4750
2195
4851
5167
2974
145
2667
5479
5409
4648
3551
488
451
4413
5745
6361
6052
3569
1214
1824
3215
3709
6442
1317
4267
6170
3352
5741
2436
4859
4719
6410
5784
6070
270
1686
4910
2741
1300
436
4157
4300
2155
769
4803
193
2923
2631
3986
6615
2718
4861
6268
2490
1863
2015
121
2261
3092
2549
3695
427
6300
5154
4763
362
5515
327
1556
3855
4304
5042
5150
529
856
4885
1100
2006
4576
5273
2752
5646
2103
3374
294
2016
989
5944
2334
6467
2772
5885
6682
5880
4948
5993
6488
1907
3085
2676
1132
126
2892
5801
1480
2139
2727
4474
5342
3145
4125
3219
1598
4382
203
912
1091
6645
4425
3883
1956
6239
1055
4447
2142
2142
