1000000051
1000000060
1000000068
1000000070
1000000102
1000000112
1000000119
1000000129
1000000159
1000000209
1000000231
1000000300
1000000301
1000000310
1000000312
1000000330
1000000368
1000000391
1000000451
1000000471
1000000489
1000000510
1000000519
1000000541
1000000550
1000000670
1000000689
1000000699
1000000702
1000000741
1000000768
1000000779
1000000878
1000000880
1000000888
1000000901
1000000909
1000000940
1000000968
1000000998
1000000999
1000001019
1000001041
1000001088
1000001102
1000001170
1000001171
1000001179
1000001191
1000001199
1000001240
1000001259
1000001260
1000001281
1000001330
1000001360
1000001390
1000001419
1000001449
1000001480
1000001491
1000001521
1000001529
1000001559
1000001578
1000001600
1000001630
1000001668
1000001689
1000001710
1000001719
1000001720
1000001740
1000001771
1000001780
1000001791
1000001799
1000001800
1000001829
1000001859
1000001878
1000001891
1000001921
1000001958
1000001968
1000001979
1000001980
1000002001
1000002078
1000002088
1000002151
1000002160
1000002161
1000002200
1000002229
1000002251
1000002268
1000002281
1000002289
1000002301
1000002319
1000002340
1000002349
1000002361
1000002378
1000002379
1000002429
1000002439
1000002478
1000002490
1000002499
1000002502
1000002529
1000002551
1000002559
1000002602
1000002610
1000002631
1000002639
1000002678
1000002710
1000002778
1000002789
1000002830
1000002860
1000002909
1000002939
1000002940
1000002941
1000003001
1000003030
1000003031
1000003040
1000003059
1000003090
1000003098
1000003111
1000003120
1000003129
1000003130
1000003160
1000003171
1000003179
1000003189
1000003239
1000003250
1000003271
1000003300
1000003309
1000003310
1000003321
1000003330
1000003370
1000003378
1000003451
1000003571
1000003621
1000003639
1000003651
1000003668
1000003681
1000003691
1000003749
1000003801
1000003819
1000003879
1000003901
1000003921
1000003968
1000003969
1000003989
1000004021
1000004041
1000004059
1000004110
1000004141
1000004150
1000004161
1000004191
1000004200
1000004210
1000004212
1000004278
1000004281
1000004379
1000004402
1000004410
1000004411
1000004431
1000004469
1000004478
1000004509
1000004510
1000004559
1000004568
1000004570
1000004578
1000004590
1000004591
1000004611
1000004620
1000004651
1000004680
1000004681
1000004702
1000004711
1000004741
1000004761
1000004770
1000004870
1000004891
1000004902
1000004911
1000004919
1000004958
1000004989
1000005010
1000005020
1000005031
1000005039
1000005070
1000005078
1000005101
1000005129
1000005151
1000005161
1000005190
1000005199
1000005211
1000005221
1000005241
1000005279
1000005289
1000005290
1000005302
1000005309
1000005320
1000005331
1000005341
1000005361
1000005369
1000005370
1000005379
1000005430
1000005440
1000005460
1000005461
1000005498
1000005511
1000005520
1000005529
1000005560
1000005579
1000005670
1000005770
1000005778
1000005798
1000005868
1000005931
1000005950
1000005958
1000006001
1000006010
1000006029
1000006031
1000006039
1000006060
1000006099
1000006102
1000006111
1000006119
1000006180
1000006249
1000006261
1000006288
1000006291
1000006339
1000006351
1000006361
1000006389
1000006398
1000006421
1000006450
1000006460
1000006471
1000006481
1000006488
1000006520
1000006539
1000006550
1000006569
1000006578
1000006579
1000006640
1000006681
1000006702
1000006729
1000006751
1000006768
1000006771
1000006779
1000006841
1000006888
1000006901
1000006910
1000006970
1000006991
1000007050
1000007068
1000007080
1000007081
1000007101
1000007109
1000007120
1000007170
1000007201
1000007240
1000007251
1000007269
1000007290
1000007299
1000007329
1000007359
1000007398
1000007402
1000007409
1000007420
1000007449
1000007469
1000007478
1000007479
1000007551
1000007561
1000007581
1000007611
1000007641
1000007660
1000007709
1000007750
1000007761
1000007770
1000007778
1000007780
1000007799
1000007829
1000007831
1000007878
1000007889
1000007899
1000007911
1000007971
1000008040
1000008069
1000008071
1000008109
1000008121
1000008178
1000008202
1000008280
1000008310
1000008311
1000008340
1000008341
1000008369
1000008370
1000008379
1000008430
1000008439
1000008451
1000008469
1000008502
1000008580
1000008588
1000008619
1000008620
1000008669
1000008700
1000008768
1000008802
1000008820
1000008830
1000008850
1000008871
1000008902
1000008910
1000008988
1000009030
1000009060
1000009069
1000009112
1000009159
1000009168
1000009190
1000009198
1000009211
1000009291
1000009300
1000009312
1000009329
1000009331
1000009361
1000009368
1000009378
1000009421
1000009429
1000009449
1000009488
1000009490
1000009498
1000009549
1000009569
1000009578
1000009660
1000009668
1000009669
1000009689
1000009711
1000009721
1000009730
1000009759
1000009781
1000009788
1000009801
1000009809
1000009820
1000009839
1000009879
1000009880
1000009888
1000009891
1000009940
1000009961
1000009970
1000009981
1000009989
1000009998
1000010030
1000010059
1000010068
1000010080
1000010088
1000010139
1000010180
1000010201
1000010229
1000010259
1000010260
1000010302
1000010311
1000010312
1000010320
1000010368
1000010379
1000010411
1000010420
1000010441
1000010470
1000010479
1000010530
1000010539
1000010560
1000010569
1000010641
1000010650
1000010720
1000010739
1000010809
1000010851
1000010859
1000010868
1000010899
1000010959
1000010979
1000010989
1000011002
1000011020
1000011079
1000011091
1000011168
1000011181
1000011191
1000011219
1000011230
1000011260
1000011280
1000011289
1000011298
1000011350
1000011361
1000011371
1000011388
1000011399
1000011409
1000011429
1000011431
1000011461
1000011502
1000011511
1000011520
1000011521
1000011550
1000011568
1000011580
1000011588
1000011619
1000011640
1000011669
1000011671
1000011678
1000011679
1000011699
1000011709
1000011769
1000011781
1000011790
1000011798
1000011811
1000011871
1000011880
1000011910
1000011950
1000011978
1000012000
1000012010
1000012012
1000012021
1000012039
1000012069
1000012091
1000012098
1000012099
1000012151
1000012180
1000012198
1000012240
1000012250
1000012278
1000012329
1000012351
1000012359
1000012381
1000012400
1000012479
1000012498
1000012520
1000012550
1000012579
1000012591
1000012621
1000012639
1000012660
1000012690
1000012798
1000012801
1000012810
1000012849
1000012888
1000012901
1000012910
1000012930
1000012940
1000012951
1000012968
1000012998
1000012999
1000013021
1000013029
1000013041
1000013191
1000013199
1000013200
1000013209
1000013291
1000013320
1000013349
1000013381
1000013401
1000013411
1000013450
1000013478
1000013510
1000013559
1000013570
1000013598
1000013599
1000013600
1000013602
1000013621
1000013650
1000013690
1000013719
1000013769
1000013780
1000013791
1000013800
1000013859
1000013870
1000013902
1000013920
1000013929
1000013980
1000013990
1000014002
1000014011
1000014019
1000014039
1000014040
1000014121
1000014160
1000014170
1000014198
1000014221
1000014250
1000014251
1000014259
1000014298
1000014302
1000014361
1000014379
1000014409
1000014410
1000014470
1000014499
1000014530
1000014549
1000014560
1000014590
1000014619
1000014640
1000014671
1000014691
1000014699
1000014710
1000014721
1000014751
1000014781
1000014819
1000014821
1000014850
1000014901
1000014910
1000014939
1000014941
1000014980
1000015001
1000015040
1000015051
1000015099
1000015151
1000015168
1000015179
1000015180
1000015190
1000015201
1000015202
1000015231
1000015269
1000015271
1000015278
1000015299
1000015310
1000015330
1000015351
1000015359
1000015369
1000015378
1000015411
1000015419
1000015420
1000015430
1000015471
1000015498
1000015502
1000015519
1000015539
1000015540
1000015549
1000015570
1000015639
1000015659
1000015660
1000015678
1000015690
1000015719
1000015749
1000015779
1000015788
1000015798
1000015810
1000015819
1000015820
1000015849
1000015850
1000015878
1000015879
1000015880
1000015939
1000015960
1000015969
1000016000
1000016011
1000016012
1000016019
1000016020
1000016021
1000016029
1000016049
1000016139
1000016140
1000016161
1000016170
1000016188
1000016199
1000016200
1000016209
1000016231
1000016278
1000016290
1000016298
1000016299
1000016311
1000016329
1000016349
1000016351
1000016368
1000016390
1000016410
1000016411
1000016439
1000016440
1000016450
1000016471
1000016499
1000016530
1000016561
1000016568
1000016569
1000016570
1000016591
1000016598
1000016659
1000016668
1000016671
1000016709
1000016821
1000016829
1000016869
1000016881
1000016900
1000016919
1000016958
1000016979
1000016980
1000016981
1000017010
1000017019
1000017049
1000017050
1000017071
1000017078
1000017080
1000017088
1000017100
1000017110
1000017168
1000017211
1000017241
1000017302
1000017320
1000017341
1000017350
1000017361
1000017380
1000017391
1000017399
1000017409
1000017451
1000017459
1000017478
1000017499
1000017521
1000017602
1000017640
1000017649
1000017669
1000017671
1000017709
1000017751
1000017770
1000017790
1000017791
1000017798
1000017820
1000017830
1000017859
1000017889
1000017901
1000017902
1000017939
1000017941
1000017958
1000017961
1000017970
1000017971
1000017979
1000017988
1000018090
1000018091
1000018102
1000018111
1000018119
1000018130
1000018231
1000018241
1000018269
1000018291
1000018300
1000018301
1000018309
1000018340
1000018369
1000018370
1000018389
1000018391
1000018398
1000018420
1000018459
1000018540
1000018549
1000018660
1000018669
1000018698
1000018730
1000018780
1000018789
1000018801
1000018840
1000018880
1000018899
1000018901
1000018909
1000018931
1000018959
1000018970
1000018978
1000018991
1000019029
1000019049
1000019051
1000019081
1000019098
1000019140
1000019161
1000019171
1000019201
1000019230
1000019268
1000019290
1000019300
1000019330
1000019341
1000019398
1000019409
1000019420
1000019449
1000019461
1000019480
1000019500
1000019501
1000019509
1000019510
1000019521
1000019589
1000019591
1000019602
1000019641
1000019668
1000019681
1000019709
1000019710
1000019720
1000019750
1000019779
1000019791
1000019800
1000019810
1000019851
1000019898
1000019920
1000019921
1000019929
1000019989
1000020001
1000020049
1000020070
1000020080
1000020099
1000020109
1000020129
1000020168
1000020169
1000020191
1000020199
1000020219
1000020280
1000020281
1000020301
1000020302
1000020319
1000020341
1000020388
1000020391
1000020410
1000020412
1000020470
1000020500
1000020521
1000020541
1000020549
1000020568
1000020631
1000020661
1000020700
1000020710
1000020730
1000020731
1000020740
1000020760
1000020761
1000020798
1000020799
1000020830
1000020879
1000020881
1000020898
1000020911
1000020919
1000020939
1000020949
1000020950
1000020969
1000020978
1000020980
1000021009
1000021030
1000021040
1000021060
1000021068
1000021078
1000021100
1000021111
1000021112
1000021120
1000021160
1000021190
1000021269
1000021270
1000021299
1000021321
1000021331
1000021369
1000021381
1000021430
1000021441
1000021449
1000021471
1000021481
1000021501
1000021502
1000021570
1000021580
1000021591
1000021601
1000021629
1000021630
1000021640
1000021659
1000021669
1000021691
1000021699
1000021700
1000021759
1000021768
1000021809
1000021840
1000021870
1000021888
1000021940
1000021951
1000021959
1000022020
1000022088
1000022109
1000022110
1000022119
1000022179
1000022180
1000022200
1000022201
1000022231
1000022291
1000022312
1000022351
1000022401
1000022402
1000022411
1000022431
1000022509
1000022510
1000022539
1000022590
1000022599
1000022600
1000022619
1000022681
1000022702
1000022731
1000022741
1000022770
1000022801
1000022840
1000022851
1000022859
1000022861
1000022920
1000022929
1000022950
1000022968
1000022981
1000022989
1000023020
1000023039
1000023040
1000023071
1000023100
1000023130
1000023131
1000023139
1000023170
1000023178
1000023198
1000023241
1000023250
1000023279
1000023289
1000023309
1000023311
1000023319
1000023401
1000023460
1000023470
1000023481
1000023499
1000023551
1000023580
1000023581
1000023699
1000023701
1000023721
1000023729
1000023739
1000023769
1000023802
1000023841
1000023880
1000023988
1000024009
1000024029
1000024040
1000024098
1000024100
1000024120
1000024171
1000024181
1000024202
1000024209
1000024220
1000024249
1000024261
1000024278
1000024329
1000024330
1000024351
1000024360
1000024419
1000024441
1000024488
1000024561
1000024579
1000024580
1000024600
1000024601
1000024629
1000024631
1000024660
1000024689
1000024690
1000024721
1000024741
1000024819
1000024849
1000024899
1000024981
1000024989
1000025011
1000025041
1000025071
1000025079
1000025088
1000025089
1000025141
1000025149
1000025188
1000025229
1000025261
1000025268
1000025270
1000025291
1000025300
1000025349
1000025371
1000025389
1000025398
1000025420
1000025471
1000025501
1000025539
1000025560
1000025581
1000025591
1000025598
1000025599
1000025641
1000025649
1000025651
1000025659
1000025680
1000025688
1000025710
1000025739
1000025740
1000025769
1000025801
1000025860
1000025861
1000025890
1000025891
1000025911
1000025920
1000025949
1000025979
1000026031
1000026039
1000026040
1000026050
1000026088
1000026101
1000026110
1000026151
1000026168
1000026189
1000026198
1000026200
1000026212
1000026219
1000026251
1000026259
1000026281
1000026311
1000026350
1000026370
1000026399
1000026431
1000026439
1000026461
1000026470
1000026560
1000026579
1000026590
1000026601
1000026611
1000026631
1000026649
1000026650
1000026661
1000026729
1000026751
1000026768
1000026769
1000026770
1000026791
1000026802
1000026821
1000026868
1000026941
1000026950
1000026969
1000026971
1000026999
1000027030
1000027098
1000027102
1000027121
1000027129
1000027168
1000027201
1000027202
1000027211
1000027219
1000027250
1000027269
1000027271
1000027288
1000027300
1000027309
1000027312
1000027331
1000027400
1000027412
1000027419
1000027420
1000027450
1000027459
1000027468
1000027479
1000027520
1000027539
1000027540
1000027541
1000027578
1000027621
1000027629
1000027639
1000027651
1000027681
1000027690
1000027730
1000027749
1000027798
1000027861
1000027880
1000027910
1000027929
1000027931
1000027940
1000027981
1000028011
1000028020
1000028050
1000028089
1000028120
1000028131
1000028140
1000028210
1000028259
1000028269
1000028281
1000028289
1000028298
1000028311
1000028380
1000028431
1000028488
1000028509
1000028510
1000028521
1000028530
1000028539
1000028551
1000028591
1000028598
1000028679
1000028680
1000028688
1000028689
1000028719
1000028739
1000028770
1000028800
1000028861
1000028870
1000028890
1000028900
1000028929
1000028990
1000029001
1000029002
1000029010
1000029049
1000029061
1000029071
1000029078
1000029091
1000029101
1000029109
1000029130
1000029161
1000029189
1000029191
1000029199
1000029200
1000029219
1000029229
1000029259
1000029290
1000029302
1000029339
1000029361
1000029369
1000029388
1000029401
1000029409
1000029430
1000029511
1000029521
1000029551
1000029581
1000029590
1000029619
1000029640
1000029670
1000029680
1000029699
1000029700
1000029751
1000029778
1000029830
1000029871
1000029879
1000029901
1000029940
1000029970
1000030010
1000030012
1000030029
1000030030
1000030040
1000030059
1000030069
1000030081
1000030098
1000030149
1000030150
1000030159
1000030160
1000030179
1000030211
1000030220
1000030239
1000030270
1000030279
1000030288
1000030291
1000030340
1000030378
1000030420
1000030429
1000030430
1000030481
1000030498
1000030502
1000030511
1000030569
1000030580
1000030588
1000030609
1000030668
1000030670
1000030690
1000030700
1000030721
1000030750
1000030751
1000030789
1000030841
1000030899
1000030929
1000030970
1000030990
1000030991
1000031019
1000031030
1000031080
1000031109
1000031110
1000031139
1000031149
1000031171
1000031201
1000031239
1000031269
1000031270
1000031281
1000031289
1000031291
1000031368
1000031388
1000031411
1000031439
1000031469
1000031488
1000031500
1000031529
1000031531
1000031559
1000031581
1000031590
1000031602
1000031611
1000031649
1000031651
1000031668
1000031701
1000031710
1000031731
1000031740
1000031741
1000031770
1000031778
1000031810
1000031831
1000031861
1000031868
1000031989
1000031990
1000031998
1000032010
1000032049
1000032099
1000032129
1000032139
1000032190
1000032198
1000032200
1000032211
1000032230
1000032241
1000032259
1000032268
1000032298
1000032302
1000032339
1000032361
1000032370
1000032400
1000032409
1000032421
1000032429
1000032459
1000032468
1000032470
1000032520
1000032521
1000032529
1000032571
1000032610
1000032631
1000032641
1000032649
1000032680
1000032691
1000032730
1000032761
1000032821
1000032830
1000032860
1000032871
1000032939
1000032940
1000032950
1000032970
1000032988
1000033000
1000033009
1000033039
1000033061
1000033068
1000033112
1000033149
1000033159
1000033168
1000033181
1000033188
1000033190
1000033198
1000033219
1000033249
1000033310
1000033329
1000033361
1000033369
1000033400
1000033411
1000033459
1000033460
1000033498
1000033561
1000033571
1000033578
1000033579
1000033580
1000033629
1000033640
1000033690
1000033700
1000033702
1000033721
1000033779
1000033781
1000033831
1000033839
1000033850
1000033879
1000033899
1000033901
1000033909
1000033951
1000033961
1000033990
1000034019
1000034021
1000034059
1000034088
1000034119
1000034120
1000034141
1000034150
1000034161
1000034170
1000034188
1000034191
1000034201
1000034212
1000034229
1000034231
1000034270
1000034302
1000034341
1000034380
1000034401
1000034410
1000034499
1000034501
1000034531
1000034539
1000034551
1000034569
1000034602
1000034660
1000034680
1000034681
1000034688
1000034689
1000034701
1000034710
1000034739
1000034741
1000034770
1000034778
1000034779
1000034809
1000034829
1000034851
1000034861
1000034902
1000034919
1000034920
1000034950
1000034958
1000034959
1000035001
1000035071
1000035078
1000035079
1000035100
1000035121
1000035130
1000035140
1000035151
1000035160
1000035198
1000035219
1000035221
1000035241
1000035250
1000035279
1000035280
1000035288
1000035289
1000035290
1000035309
1000035339
1000035350
1000035379
1000035380
1000035391
1000035409
1000035470
1000035490
1000035550
1000035560
1000035568
1000035588
1000035598
1000035609
1000035610
1000035640
1000035649
1000035709
1000035710
1000035761
1000035768
1000035769
1000035781
1000035802
1000035821
1000035841
1000035849
1000035880
1000035901
1000035991
1000036051
1000036059
1000036060
1000036061
1000036090
1000036099
1000036130
1000036141
1000036149
1000036159
1000036190
1000036201
1000036219
1000036220
1000036269
1000036279
1000036329
1000036339
1000036340
1000036399
1000036441
1000036488
1000036498
1000036550
1000036570
1000036588
1000036621
1000036659
1000036660
1000036661
1000036690
1000036729
1000036751
1000036810
1000036831
1000036861
1000036879
1000036931
1000036940
1000036969
1000036978
1000037000
1000037011
1000037090
1000037101
1000037171
1000037212
1000037251
1000037260
1000037278
1000037281
1000037329
1000037351
1000037371
1000037388
1000037398
1000037402
1000037431
1000037439
1000037440
1000037449
1000037478
1000037480
1000037529
1000037551
1000037559
1000037568
1000037619
1000037660
1000037701
1000037799
1000037801
1000037840
1000037861
1000037889
1000037959
1000037981
1000038019
1000038080
1000038088
1000038099
1000038100
1000038110
1000038112
1000038168
1000038170
1000038198
1000038200
1000038279
1000038288
1000038290
1000038301
1000038309
1000038320
1000038388
1000038400
1000038409
1000038431
1000038440
1000038459
1000038461
1000038468
1000038469
1000038478
1000038481
1000038491
1000038500
1000038519
1000038530
1000038590
1000038598
1000038639
1000038650
1000038680
1000038699
1000038751
1000038799
1000038849
1000038880
1000038911
1000038920
1000038939
1000038940
1000038980
1000039000
1000039001
1000039030
1000039078
1000039081
1000039119
1000039151
1000039171
1000039201
1000039202
1000039211
1000039239
1000039249
1000039312
1000039330
1000039359
1000039361
1000039389
1000039391
1000039441
1000039459
1000039468
1000039471
1000039509
1000039511
1000039519
1000039520
1000039540
1000039541
1000039579
1000039599
1000039609
1000039629
1000039660
1000039670
1000039699
1000039749
1000039760
1000039780
1000039811
1000039861
1000039880
1000039900
1000039930
1000039939
1000039960
1000039981
1000040021
1000040050
1000040060
1000040089
1000040102
1000040110
1000040119
1000040149
1000040150
1000040170
1000040180
1000040230
1000040259
1000040269
1000040298
1000040350
1000040368
1000040380
1000040401
1000040402
1000040420
1000040439
1000040471
1000040500
1000040509
1000040569
1000040660
1000040681
1000040688
1000040698
1000040709
1000040710
1000040740
1000040750
1000040769
1000040778
1000040799
1000040801
1000040829
1000040830
1000040851
1000040859
1000040899
1000040900
1000040950
1000040951
1000040980
1000040989
1000041002
1000041039
1000041040
1000041041
1000041091
1000041131
1000041151
1000041198
1000041211
1000041221
1000041310
1000041340
1000041341
1000041370
1000041371
1000041378
1000041391
1000041401
1000041410
1000041451
1000041459
1000041500
1000041530
1000041551
1000041559
1000041611
1000041619
1000041620
1000041641
1000041649
1000041699
1000041729
1000041739
1000041760
1000041768
1000041811
1000041819
1000041820
1000041902
1000041920
1000041950
1000041961
1000041971
1000041979
1000041991
1000042000
1000042061
1000042069
1000042098
1000042099
1000042100
1000042129
1000042130
1000042168
1000042181
1000042202
1000042211
1000042270
1000042279
1000042280
1000042360
1000042389
1000042420
1000042502
1000042531
1000042550
1000042570
1000042588
1000042610
1000042661
1000042669
1000042691
1000042741
1000042750
1000042751
1000042790
1000042798
1000042801
1000042809
1000042840
1000042870
1000042900
1000042910
1000042960
1000042961
1000042969
1000042981
1000042999
1000043002
1000043051
1000043088
1000043098
1000043109
1000043131
1000043150
1000043170
1000043188
1000043221
1000043261
1000043269
1000043281
1000043299
1000043302
1000043312
1000043349
1000043359
1000043389
1000043409
1000043439
1000043488
1000043500
1000043559
1000043599
1000043620
1000043621
1000043630
1000043650
1000043668
1000043680
1000043689
1000043741
1000043780
1000043859
1000043868
1000043900
1000043911
1000043920
1000043929
1000043951
1000044019
1000044040
1000044061
1000044079
1000044121
1000044139
1000044140
1000044160
1000044190
1000044200
1000044259
1000044301
1000044310
1000044388
1000044400
1000044401
1000044410
1000044412
1000044459
1000044468
1000044490
1000044520
1000044521
1000044530
1000044559
1000044568
1000044571
1000044602
1000044610
1000044631
1000044678
1000044701
1000044730
1000044761
1000044769
1000044789
1000044790
1000044819
1000044868
1000044970
1000045000
1000045012
1000045030
1000045060
1000045070
1000045081
1000045121
1000045149
1000045150
1000045190
1000045201
1000045261
1000045270
1000045288
1000045301
1000045330
1000045361
1000045381
1000045391
1000045398
1000045400
1000045429
1000045430
1000045459
1000045460
1000045509
1000045561
1000045578
1000045691
1000045700
1000045711
1000045721
1000045741
1000045749
1000045811
1000045820
1000045839
1000045840
1000045870
1000045879
1000045900
1000045909
1000045940
1000045960
1000046002
1000046012
1000046041
1000046060
1000046089
1000046101
1000046109
1000046140
1000046169
1000046188
1000046209
1000046221
1000046229
1000046289
1000046302
1000046320
1000046368
1000046379
1000046380
1000046381
1000046398
1000046419
1000046440
1000046471
1000046478
1000046560
1000046569
1000046590
1000046598
1000046599
1000046660
1000046680
1000046698
1000046709
1000046710
1000046741
1000046771
1000046779
1000046788
1000046810
1000046829
1000046839
1000046851
1000046911
1000046949
1000046958
1000046990
1000047020
1000047031
1000047050
1000047078
1000047100
1000047112
1000047121
1000047129
1000047130
1000047140
1000047198
1000047199
1000047259
1000047260
1000047268
1000047271
1000047279
1000047319
1000047339
1000047379
1000047380
1000047388
1000047412
1000047439
1000047440
1000047459
1000047489
1000047490
1000047500
1000047502
1000047520
1000047559
1000047588
1000047601
1000047602
1000047609
1000047611
1000047701
1000047768
1000047859
1000047868
1000047871
1000047931
1000047969
1000047971
1000048078
1000048112
1000048120
1000048159
1000048180
1000048209
1000048210
1000048211
1000048261
1000048271
1000048310
1000048359
1000048378
1000048398
1000048399
1000048419
1000048420
1000048460
1000048498
1000048501
1000048519
1000048520
1000048539
1000048540
1000048541
1000048550
1000048580
1000048591
1000048600
1000048609
1000048629
1000048640
1000048661
1000048790
1000048798
1000048802
1000048831
1000048849
1000048861
1000048878
1000048901
1000048969
1000049019
1000049029
1000049041
1000049079
1000049090
1000049120
1000049141
1000049178
1000049179
1000049188
1000049191
1000049221
1000049239
1000049240
1000049278
1000049299
1000049300
1000049312
1000049319
1000049329
1000049351
1000049388
1000049390
1000049398
1000049439
1000049440
1000049450
1000049540
1000049551
1000049589
1000049602
1000049621
1000049649
1000049689
1000049698
1000049761
1000049769
1000049809
1000049829
1000049860
1000049861
1000049902
1000049958
1000049959
1000049960
1000049968
