1999994005
1999994006
1999994045
1999994053
1999994054
1999994059
1999994069
1999994075
1999994092
1999994098
1999994101
1999994110
1999994113
1999994131
1999994146
1999994156
1999994162
1999994191
1999994210
1999994222
1999994225
1999994239
1999994245
1999994248
1999994254
1999994261
1999994269
1999994276
1999994290
1999994311
1999994318
1999994324
1999994341
1999994342
1999994345
1999994360
1999994384
1999994395
1999994404
1999994405
1999994410
1999994420
1999994426
1999994434
1999994438
1999994441
1999994452
1999994455
1999994470
1999994476
1999994482
1999994494
1999994525
1999994536
1999994540
1999994542
1999994551
1999994560
1999994582
1999994593
1999994599
1999994609
1999994630
1999994632
1999994654
1999994657
1999994662
1999994674
1999994675
1999994680
1999994704
1999994707
1999994713
1999994719
1999994728
1999994731
1999994737
1999994738
1999994740
1999994743
1999994750
1999994752
1999994753
1999994771
1999994783
1999994786
1999994798
1999994801
1999994816
1999994827
1999994842
1999994855
1999994861
1999994869
1999994894
1999994896
1999994912
1999994921
1999994924
1999994932
1999994933
1999994936
1999994944
1999994954
1999994968
1999994992
1999994993
1999995010
1999995017
1999995023
1999995031
1999995032
1999995043
1999995049
1999995056
1999995064
1999995071
1999995103
1999995104
1999995115
1999995122
1999995137
1999995142
1999995143
1999995145
1999995178
1999995188
1999995191
1999995196
1999995205
1999995208
1999995211
1999995218
1999995221
1999995242
1999995248
1999995257
1999995259
1999995263
1999995265
1999995269
1999995281
1999995295
1999995304
1999995310
1999995320
1999995322
1999995341
1999995350
1999995361
1999995365
1999995368
1999995370
1999995395
1999995397
1999995410
1999995416
1999995421
1999995422
1999995436
1999995445
1999995452
1999995457
1999995464
1999995469
1999995475
1999995500
1999995502
1999995509
1999995526
1999995538
1999995544
1999995572
1999995577
1999995593
1999995595
1999995596
1999995598
1999995607
1999995616
1999995634
1999995640
1999995656
1999995658
1999995659
1999995661
1999995665
1999995682
1999995689
1999995692
1999995700
1999995703
1999995706
1999995715
1999995719
1999995751
1999995773
1999995776
1999995785
1999995787
1999995794
1999995803
1999995805
1999995817
1999995821
1999995845
1999995851
1999995856
1999995857
1999995860
1999995863
1999995869
1999995878
1999995895
1999995901
1999995923
1999995926
1999995928
1999995934
1999995935
1999995941
1999995958
1999995959
1999995970
1999995971
1999995979
1999995988
1999995994
1999996001
1999996003
1999996004
1999996006
1999996012
1999996013
1999996067
1999996069
1999996076
1999996102
1999996106
1999996121
1999996127
1999996132
1999996133
1999996135
1999996138
1999996147
1999996153
1999996189
1999996199
1999996217
1999996234
1999996238
1999996252
1999996255
1999996256
1999996258
1999996264
1999996268
1999996270
1999996279
1999996282
1999996303
1999996304
1999996313
1999996315
1999996331
1999996342
1999996351
1999996354
1999996355
1999996360
1999996378
1999996379
1999996385
1999996393
1999996397
1999996402
1999996406
1999996408
1999996412
1999996414
1999996433
1999996441
1999996442
1999996448
1999996453
1999996481
1999996487
1999996499
1999996501
1999996508
1999996514
1999996517
1999996520
1999996528
1999996531
1999996544
1999996549
1999996555
1999996558
1999996561
1999996562
1999996586
1999996591
1999996595
1999996598
1999996610
1999996613
1999996628
1999996639
1999996651
1999996652
1999996663
1999996675
1999996681
1999996688
1999996690
1999996693
1999996708
1999996709
1999996723
1999996726
1999996750
1999996753
1999996756
1999996781
1999996804
1999996816
1999996835
1999996840
1999996846
1999996885
1999996886
1999996891
1999996894
1999996901
1999996919
1999996927
1999996949
1999996964
1999996967
1999996970
1999996972
1999996973
1999996979
1999996981
1999996982
1999996994
1999996996
1999997005
1999997012
1999997014
1999997015
1999997017
1999997026
1999997038
1999997041
1999997042
1999997050
1999997053
1999997063
1999997075
1999997080
1999997084
1999997096
1999997107
1999997111
1999997116
1999997119
1999997122
1999997147
1999997161
1999997162
1999997168
1999997170
1999997189
1999997203
1999997204
1999997215
1999997218
1999997231
1999997240
1999997248
1999997249
1999997257
1999997261
1999997290
1999997294
1999997300
1999997320
1999997363
1999997369
1999997398
1999997408
1999997410
1999997411
1999997420
1999997434
1999997437
1999997447
1999997452
1999997468
1999997479
1999997482
1999997488
1999997501
1999997509
1999997513
1999997521
1999997539
1999997546
1999997551
1999997564
1999997566
1999997575
1999997581
1999997605
1999997611
1999997618
1999997630
1999997636
1999997641
1999997642
1999997645
1999997651
1999997654
1999997674
1999997678
1999997683
1999997684
1999997687
1999997696
1999997719
1999997738
1999997744
1999997762
1999997765
1999997767
1999997770
1999997786
1999997792
1999997795
1999997812
1999997819
1999997827
1999997828
1999997837
1999997848
1999997851
1999997858
1999997864
1999997869
1999997876
1999997885
1999997887
1999997902
1999997920
1999997930
1999997935
1999997957
1999997966
1999997969
1999997974
1999997983
1999997986
1999997995
1999998001
1999998005
1999998008
1999998013
1999998016
1999998017
1999998020
1999998026
1999998029
1999998037
1999998050
1999998061
1999998079
1999998080
1999998091
1999998097
1999998100
1999998101
1999998113
1999998128
1999998130
1999998137
1999998151
1999998157
1999998163
1999998169
1999998170
1999998188
1999998193
1999998196
1999998200
1999998205
1999998208
1999998215
1999998257
1999998277
1999998280
1999998301
1999998322
1999998344
1999998349
1999998358
1999998359
1999998361
1999998368
1999998376
1999998380
1999998382
1999998395
1999998412
1999998413
1999998421
1999998425
1999998427
1999998433
1999998437
1999998448
1999998454
1999998469
1999998472
1999998476
1999998478
1999998479
1999998490
1999998503
1999998511
1999998514
1999998518
1999998526
1999998535
1999998556
1999998568
1999998601
1999998602
1999998629
1999998632
1999998644
1999998665
1999998673
1999998679
1999998683
1999998688
1999998701
1999998710
1999998725
1999998727
1999998734
1999998745
1999998749
1999998757
1999998758
1999998766
1999998775
1999998808
1999998812
1999998826
1999998835
1999998848
1999998850
1999998851
1999998860
1999998862
1999998871
1999998874
1999998901
1999998925
1999998928
1999998937
1999998950
1999998953
1999998958
1999998962
1999998982
1999998983
1999998985
1999998995
1999999000
1999999019
1999999040
1999999043
1999999069
1999999076
1999999093
1999999099
1999999103
1999999108
1999999115
1999999124
1999999127
1999999129
1999999132
1999999135
1999999136
1999999141
1999999147
1999999172
1999999180
1999999187
1999999189
1999999190
1999999195
1999999213
1999999217
1999999222
1999999223
1999999237
1999999250
1999999286
1999999291
1999999295
1999999301
1999999310
1999999324
1999999325
1999999328
1999999333
1999999340
1999999351
1999999366
1999999378
1999999381
1999999384
1999999387
1999999391
1999999400
1999999415
1999999420
1999999421
1999999432
1999999445
1999999453
1999999466
1999999471
1999999487
1999999499
1999999501
1999999519
1999999520
1999999568
1999999576
1999999577
1999999591
1999999603
1999999604
1999999612
1999999613
1999999619
1999999648
1999999657
1999999681
1999999696
1999999714
1999999720
1999999721
1999999724
1999999733
1999999747
1999999759
1999999762
1999999802
1999999817
1999999846
1999999847
1999999855
1999999880
1999999885
1999999888
1999999897
1999999906
1999999910
1999999934
1999999937
1999999939
1999999943
1999999946
1999999952
1999999961
1999999963
1999999966
1999999975
1999999976
1999999978
2000000000
